Mon Dec 18 11:18:24 CST 2017  [debug] AvalonLogSystem initialized using logfile 'F:\Learning\Java\SSH\.metadata\.plugins\com.genuitec.eclipse.templates\velocity.log'
Mon Dec 18 11:18:24 CST 2017   [info] ************************************************************** 
Mon Dec 18 11:18:24 CST 2017   [info] Starting Jakarta Velocity v1.4
Mon Dec 18 11:18:24 CST 2017   [info] RuntimeInstance initializing.
Mon Dec 18 11:18:24 CST 2017   [info] Default Properties File: org\apache\velocity\runtime\defaults\velocity.properties
Mon Dec 18 11:18:24 CST 2017   [info] Trying to use logger class org.apache.velocity.runtime.log.AvalonLogSystem
Mon Dec 18 11:18:24 CST 2017   [info] Using logger class org.apache.velocity.runtime.log.AvalonLogSystem
Mon Dec 18 11:18:24 CST 2017   [info] Default ResourceManager initializing. (class org.apache.velocity.runtime.resource.ResourceManagerImpl)
Mon Dec 18 11:18:24 CST 2017   [info] Resource Loader Instantiated: com.genuitec.eclipse.templates.internal.PluginResourceLoader
Mon Dec 18 11:18:24 CST 2017   [info] ResourceCache : initialized. (class org.apache.velocity.runtime.resource.ResourceCacheImpl)
Mon Dec 18 11:18:24 CST 2017   [info] Default ResourceManager initialization complete.
Mon Dec 18 11:18:24 CST 2017   [info] Loaded System Directive: org.apache.velocity.runtime.directive.Literal
Mon Dec 18 11:18:24 CST 2017   [info] Loaded System Directive: org.apache.velocity.runtime.directive.Macro
Mon Dec 18 11:18:24 CST 2017   [info] Loaded System Directive: org.apache.velocity.runtime.directive.Parse
Mon Dec 18 11:18:24 CST 2017   [info] Loaded System Directive: org.apache.velocity.runtime.directive.Include
Mon Dec 18 11:18:24 CST 2017   [info] Loaded System Directive: org.apache.velocity.runtime.directive.Foreach
Mon Dec 18 11:18:24 CST 2017   [info] Created: 20 parsers.
Mon Dec 18 11:18:24 CST 2017   [info] Velocimacro : initialization starting.
Mon Dec 18 11:18:24 CST 2017   [info] Velocimacro : adding VMs from VM library template : VM_global_library.vm
Mon Dec 18 11:18:24 CST 2017   [info] ResourceManager : found VM_global_library.vm with loader com.genuitec.eclipse.templates.internal.PluginResourceLoader
Mon Dec 18 11:18:24 CST 2017   [info] Velocimacro :  VM library template macro registration complete.
Mon Dec 18 11:18:24 CST 2017   [info] Velocimacro : allowInline = true : VMs can be defined inline in templates
Mon Dec 18 11:18:24 CST 2017   [info] Velocimacro : allowInlineToOverride = true : VMs defined inline may replace previous VM definitions
Mon Dec 18 11:18:24 CST 2017   [info] Velocimacro : allowInlineLocal = true : VMs defined inline will be local to their defining template only.
Mon Dec 18 11:18:24 CST 2017   [info] Velocimacro : messages on  : VM system will output logging messages
Mon Dec 18 11:18:24 CST 2017   [info] Velocimacro : autoload off  : VM system will not automatically reload global library macros
Mon Dec 18 11:18:24 CST 2017   [info] Velocimacro : initialization complete.
Mon Dec 18 11:18:24 CST 2017   [info] Velocity successfully started.
Mon Dec 18 11:18:24 CST 2017   [info] ResourceManager : found /templates/velocity/welcome/Jsp.vtl with loader com.genuitec.eclipse.templates.internal.PluginResourceLoader
Mon Dec 18 11:42:03 CST 2017   [info] ResourceManager : found data/2.1/struts.xml.vtl with loader com.genuitec.eclipse.templates.internal.PluginResourceLoader
